[INFO ] 2025-05-13 20:59:10.186 [main] Log - *** Running test method Allocation Summary...
[INFO ] 2025-05-13 20:59:13.383 [main] Log - Driver has initialized successfully for chrome browser
[INFO ] 2025-05-13 20:59:52.769 [main] Log - Title is displayed : BeaconICnRM
[INFO ] 2025-05-13 20:59:53.030 [main] Log - Login to core application
[INFO ] 2025-05-13 20:59:53.215 [main] Log - Step:01 - Entered valid User Name
[INFO ] 2025-05-13 20:59:53.350 [main] Log - Step:02 - Entered valid Password
[INFO ] 2025-05-13 20:59:57.489 [main] Log - Step:03 - Click on Login Button
[INFO ] 2025-05-13 21:00:04.835 [main] Log - Expected Result: User logged in sucessfully and Dashboard visible
[INFO ] 2025-05-13 21:00:04.910 [main] Log - TC_01 - Verify Allocation Summary Displaying as Submenu
[INFO ] 2025-05-13 21:00:05.067 [main] Log - Step:01 - Click on the Call Centre option in the side menu.
[INFO ] 2025-05-13 21:00:05.120 [main] Log - Expected Result: Allocation Summary submenu is displayed.
[INFO ] 2025-05-13 21:00:05.285 [main] Log - TC_02 - Click on Allocation Summary submenu
[INFO ] 2025-05-13 21:00:05.739 [main] Log - Step:01 - Click on the Allocation Summary submenu.
[INFO ] 2025-05-13 21:00:05.749 [main] Log - Expected Result: Allocation Summary page is displayed.
[INFO ] 2025-05-13 21:00:05.853 [main] Log - TC_03 - Verify Fields and Button on Allocation Summary
[INFO ] 2025-05-13 21:00:05.889 [main] Log - Verified: Select Call Centre dropdown is displayed.
[INFO ] 2025-05-13 21:00:05.927 [main] Log - Verified: Search button is displayed.
[INFO ] 2025-05-13 21:00:05.928 [main] Log - Step:01 - Verified fields on Allocation Summary page.
[INFO ] 2025-05-13 21:00:05.955 [main] Log - Expected Result: Select Call Centre dropdown and Search button are displayed.
[INFO ] 2025-05-13 21:00:06.010 [main] Log - TC_04 - Search Without Selecting Select Call Centre drop down
[INFO ] 2025-05-13 21:00:06.118 [main] Log - Step:01 - Ensure no option is selected in the call centre dropdown.
[INFO ] 2025-05-13 21:00:06.215 [main] Log - Step:02 - Click on the Search button.
[INFO ] 2025-05-13 21:00:06.253 [main] Log - Expected Result: Should show validation message "Call Center Is Required".
[INFO ] 2025-05-13 21:00:06.356 [main] Log - TC_05 - Search with Selected Call Centre
[INFO ] 2025-05-13 21:00:06.424 [main] Log - Select call centre dropdown displayed
[INFO ] 2025-05-13 21:00:08.078 [main] Log - Step:01 - Select a call centre from the dropdown.
[INFO ] 2025-05-13 21:00:08.153 [main] Log - Step:02 - Click on the Search button.
[INFO ] 2025-05-13 21:00:08.198 [main] Log - Expected Result: Allocation summary is displayed for manual and auto allocation with monthly alloccation summary and day-wise new account details.
[INFO ] 2025-05-13 21:00:08.295 [main] Log - TC_06 - Download Monthly Allocation Summary
[INFO ] 2025-05-13 21:00:12.034 [main] Log - Step:01 - Click on the download icon  displayed against  the monthly allocation summary title 
[INFO ] 2025-05-13 21:01:37.990 [main] Log - File downloaded successfully: C:\Users\kajol.gupta.SPERIDIAN\Downloads\Allocation_List_1747150293806.xlsx
[INFO ] 2025-05-13 21:01:37.990 [main] Log - Expected Result: Allocation file downloaded successfully.
[INFO ] 2025-05-13 21:01:38.025 [main] Log - TC_07 - Data Verification in Downloaded File
[INFO ] 2025-05-13 21:01:38.076 [main] Log - UI Account Count: 98035
[INFO ] 2025-05-13 21:01:38.077 [main] Log - File exists: true
[INFO ] 2025-05-13 21:01:38.077 [main] Log - Readable: true
[INFO ] 2025-05-13 21:01:38.077 [main] Log - Step:01 - Open the downloaded file.
[INFO ] 2025-05-13 21:02:10.563 [main] Log - Excel Account Count: 98035
[INFO ] 2025-05-13 21:02:10.564 [main] Log - Step:02 - Verify the data with grid data.
[INFO ] 2025-05-13 21:02:10.564 [main] Log - Expected Result: No of accounts  in the downloaded file should matches no of accounts in the the grid data.
[INFO ] 2025-05-13 21:02:10.630 [main] Log - TC_08 - Download Daily Allocation from Monthly Summary
[INFO ] 2025-05-13 21:02:10.799 [main] Log - Step:01 - Click on download icon against a allocation type (manual  allocation ) uunder  monthly allocation summary.
[INFO ] 2025-05-13 21:03:23.429 [main] Log - File downloaded successfully: C:\Users\kajol.gupta.SPERIDIAN\Downloads\Allocation_List_1747150400444.xlsx
[INFO ] 2025-05-13 21:03:23.429 [main] Log - Expected Result: File with allocation summary for the selected allocation type should be downloaded.
[INFO ] 2025-05-13 21:03:23.473 [main] Log - TC_09 - Data Verification in Downloaded File
[INFO ] 2025-05-13 21:03:23.522 [main] Log - UI Account Count: 98035
[INFO ] 2025-05-13 21:03:23.523 [main] Log - File exists: true
[INFO ] 2025-05-13 21:03:23.523 [main] Log - Readable: true
[INFO ] 2025-05-13 21:03:23.523 [main] Log - Step:01 - Open the downloaded file.
[INFO ] 2025-05-13 21:03:23.523 [main] Log - Expected Result: Cust Id ,A/c Number,A/c Name should display in the downloaded file
[INFO ] 2025-05-13 21:03:54.718 [main] Log - Excel Account Count: 98035
[INFO ] 2025-05-13 21:03:54.719 [main] Log - Step:02 - Verify the data with grid data.
[INFO ] 2025-05-13 21:03:54.719 [main] Log - Expected Result: Data in the downloaded file total account count should matches no of accounts in the the grid data.
[INFO ] 2025-05-13 21:03:57.785 [main] Log - Logout
[INFO ] 2025-05-13 21:04:10.055 [main] Log - Step:01 -  Click on 'Logout'
[INFO ] 2025-05-13 21:04:10.087 [main] Log - Expected Result: User is logged out successfully, login screen is displayed.
